Arguments: 
  /home/gitpod/.nvm/versions/node/v18.17.0/bin/node /home/gitpod/.nvm/versions/node/v18.17.0/bin/yarn add dotnev-webpack

PATH: 
  /workspace/.cargo/bin:/home/gitpod/.pyenv/shims:/workspace/go/bin:/home/gitpod/.nix-profile/bin:/ide/bin/remote-cli:/home/gitpod/.nix-profile/bin:/home/gitpod/.local/bin:/home/gitpod/.sdkman/candidates/maven/current/bin:/home/gitpod/.sdkman/candidates/java/current/bin:/home/gitpod/.sdkman/candidates/gradle/current/bin:/workspace/.cargo/bin:/home/gitpod/.rvm/gems/ruby-3.2.1/bin:/home/gitpod/.rvm/gems/ruby-3.2.1@global/bin:/home/gitpod/.rvm/rubies/ruby-3.2.1/bin:/workspace/go/bin:/home/gitpod/.nix-profile/bin:/ide/bin/remote-cli:/home/gitpod/go/bin:/home/gitpod/go-packages/bin:/home/gitpod/.nvm/versions/node/v18.17.0/bin:/home/gitpod/.yarn/bin:/home/gitpod/.pnpm:/home/gitpod/.pyenv/bin:/home/gitpod/.rvm/bin:/home/gitpod/.cargo/bin:/home/linuxbrew/.linuxbrew/bin:/home/linuxbrew/.linuxbrew/sbin/:/home/gitpod/.local/bin:/usr/games:/usr/local/sbin:/usr/local/bin:/usr/sbin:/usr/bin:/sbin:/bin:/home/gitpod/.nvm/versions/node/v18.17.0/bin:/home/gitpod/.rvm/bin:/home/gitpod/.nvm/versions/node/v18.17.0/bin:/home/gitpod/.rvm/bin

Yarn version: 
  1.22.19

Node version: 
  18.17.0

Platform: 
  linux x64

Trace: 
  Error: https://registry.yarnpkg.com/dotnev-webpack: Not found
      at params.callback [as _callback] (/home/gitpod/.nvm/versions/node/v18.17.0/lib/node_modules/yarn/lib/cli.js:66145:18)
      at self.callback (/home/gitpod/.nvm/versions/node/v18.17.0/lib/node_modules/yarn/lib/cli.js:140890:22)
      at Request.emit (node:events:514:28)
      at Request.<anonymous> (/home/gitpod/.nvm/versions/node/v18.17.0/lib/node_modules/yarn/lib/cli.js:141862:10)
      at Request.emit (node:events:514:28)
      at IncomingMessage.<anonymous> (/home/gitpod/.nvm/versions/node/v18.17.0/lib/node_modules/yarn/lib/cli.js:141784:12)
      at Object.onceWrapper (node:events:628:28)
      at IncomingMessage.emit (node:events:526:35)
      at endReadableNT (node:internal/streams/readable:1359:12)
      at process.processTicksAndRejections (node:internal/process/task_queues:82:21)

npm manifest: 
  {
    "dependencies": {
      "dotenv": "^16.3.1"
    }
  }

yarn manifest: 
  No manifest

Lockfile: 
  # THIS IS AN AUTOGENERATED FILE. DO NOT EDIT THIS FILE DIRECTLY.
  # yarn lockfile v1
  
  
  dotenv@^16.3.1:
    version "16.3.1"
    resolved "https://registry.yarnpkg.com/dotenv/-/dotenv-16.3.1.tgz#369034de7d7e5b120972693352a3bf112172cc3e"
    integrity sha512-IPzF4w4/Rd94bA9imS68tZBaYyBWSCE47V1RGuMrB94iyTOIEwRmVL2x/4An+6mETpLrKJ5hQkB8W4kFAadeIQ==
